/usr/bin/cmake -DCMAKE_BUILD_TYPE=Debug -DCMAKE_MAKE_PROGRAM=/opt/clion/bin/ninja/linux/x64/ninja -DCMAKE_C_COMPILER=/usr/bin/arm-none-eabi-gcc -DCMAKE_CXX_COMPILER=/usr/bin/arm-none-eabi-g++ -G Ninja -S /home/ostap/Documents/Study/SoftwareArchitecture/lab2/hazelcast-client -B /home/ostap/Documents/Study/SoftwareArchitecture/lab2/hazelcast-client/cmake-build-debug-arm
-- The C compiler identification is GNU 13.2.0
-- The CXX compiler identification is GNU 13.2.0
-- Detecting C compiler ABI info
-- Detecting C compiler ABI info - failed
-- Check for working C compiler: /usr/bin/arm-none-eabi-gcc
-- Check for working C compiler: /usr/bin/arm-none-eabi-gcc - broken
CMake Error at /usr/share/cmake/Modules/CMakeTestCCompiler.cmake:67 (message):
  The C compiler

    "/usr/bin/arm-none-eabi-gcc"

  is not able to compile a simple test program.

  It fails with the following output:

    Change Dir: '/home/ostap/Documents/Study/SoftwareArchitecture/lab2/hazelcast-client/cmake-build-debug-arm/CMakeFiles/CMakeScratch/TryCompile-XHuoct'
    
    Run Build Command(s): /opt/clion/bin/ninja/linux/x64/ninja -v cmTC_c4eef
    [1/2] /usr/bin/arm-none-eabi-gcc   -fdiagnostics-color=always -o CMakeFiles/cmTC_c4eef.dir/testCCompiler.c.o -c /home/ostap/Documents/Study/SoftwareArchitecture/lab2/hazelcast-client/cmake-build-debug-arm/CMakeFiles/CMakeScratch/TryCompile-XHuoct/testCCompiler.c
    [2/2] : && /usr/bin/arm-none-eabi-gcc   CMakeFiles/cmTC_c4eef.dir/testCCompiler.c.o -o cmTC_c4eef   && :
    FAILED: cmTC_c4eef 
    : && /usr/bin/arm-none-eabi-gcc   CMakeFiles/cmTC_c4eef.dir/testCCompiler.c.o -o cmTC_c4eef   && :
    /usr/lib/gcc/arm-none-eabi/13.2.0/../../../../arm-none-eabi/bin/ld: /usr/lib/gcc/arm-none-eabi/13.2.0/../../../../arm-none-eabi/lib/libc.a(libc_a-exit.o): in function `exit':
    /build/arm-none-eabi-newlib/src/build-newlib/arm-none-eabi/newlib/../../../newlib-4.3.0.20230120/newlib/libc/stdlib/exit.c:65:(.text.exit+0x28): undefined reference to `_exit'
    /usr/lib/gcc/arm-none-eabi/13.2.0/../../../../arm-none-eabi/bin/ld: /usr/lib/gcc/arm-none-eabi/13.2.0/../../../../arm-none-eabi/lib/libc.a(libc_a-closer.o): in function `_close_r':
    /build/arm-none-eabi-newlib/src/build-newlib/arm-none-eabi/newlib/../../../newlib-4.3.0.20230120/newlib/libc/reent/closer.c:47:(.text._close_r+0x18): undefined reference to `_close'
    /usr/lib/gcc/arm-none-eabi/13.2.0/../../../../arm-none-eabi/bin/ld: /usr/lib/gcc/arm-none-eabi/13.2.0/../../../../arm-none-eabi/lib/libc.a(libc_a-lseekr.o): in function `_lseek_r':
    /build/arm-none-eabi-newlib/src/build-newlib/arm-none-eabi/newlib/../../../newlib-4.3.0.20230120/newlib/libc/reent/lseekr.c:49:(.text._lseek_r+0x24): undefined reference to `_lseek'
    /usr/lib/gcc/arm-none-eabi/13.2.0/../../../../arm-none-eabi/bin/ld: /usr/lib/gcc/arm-none-eabi/13.2.0/../../../../arm-none-eabi/lib/libc.a(libc_a-readr.o): in function `_read_r':
    /build/arm-none-eabi-newlib/src/build-newlib/arm-none-eabi/newlib/../../../newlib-4.3.0.20230120/newlib/libc/reent/readr.c:49:(.text._read_r+0x24): undefined reference to `_read'
    /usr/lib/gcc/arm-none-eabi/13.2.0/../../../../arm-none-eabi/bin/ld: /usr/lib/gcc/arm-none-eabi/13.2.0/../../../../arm-none-eabi/lib/libc.a(libc_a-writer.o): in function `_write_r':
    /build/arm-none-eabi-newlib/src/build-newlib/arm-none-eabi/newlib/../../../newlib-4.3.0.20230120/newlib/libc/reent/writer.c:49:(.text._write_r+0x24): undefined reference to `_write'
    /usr/lib/gcc/arm-none-eabi/13.2.0/../../../../arm-none-eabi/bin/ld: /usr/lib/gcc/arm-none-eabi/13.2.0/../../../../arm-none-eabi/lib/libc.a(libc_a-sbrkr.o): in function `_sbrk_r':
    /build/arm-none-eabi-newlib/src/build-newlib/arm-none-eabi/newlib/../../../newlib-4.3.0.20230120/newlib/libc/reent/sbrkr.c:51:(.text._sbrk_r+0x18): undefined reference to `_sbrk'
    collect2: error: ld returned 1 exit status
    ninja: build stopped: subcommand failed.
    
    

  

  CMake will not be able to correctly generate this project.
Call Stack (most recent call first):
  CMakeLists.txt:4 (project)


-- Configuring incomplete, errors occurred!
